
CH32V203F8U6-A2PWM.elf:     file format elf32-littleriscv
CH32V203F8U6-A2PWM.elf
architecture: riscv:rv32, flags 0x00000112:
EXEC_P, HAS_SYMS, D_PAGED
start address 0x00000000

Program Header:
    LOAD off    0x00001000 vaddr 0x00000000 paddr 0x00000000 align 2**12
         filesz 0x00000dc0 memsz 0x00000dc0 flags r-x
    LOAD off    0x00002000 vaddr 0x20000000 paddr 0x00000dc0 align 2**12
         filesz 0x00000018 memsz 0x00000030 flags rw-
    LOAD off    0x00002800 vaddr 0x20004800 paddr 0x20004800 align 2**12
         filesz 0x00000000 memsz 0x00000800 flags rw-

Sections:
Idx Name          Size      VMA       LMA       File off  Algn
  0 .init         00000004  00000000  00000000  00001000  2**1
                  CONTENTS, ALLOC, LOAD, READONLY, CODE
  1 .vector       000000fc  00000004  00000004  00001004  2**1
                  CONTENTS, ALLOC, LOAD, READONLY, CODE
  2 .text         00000cc0  00000100  00000100  00001100  2**1
                  CONTENTS, ALLOC, LOAD, READONLY, CODE
  3 .fini         00000000  00000dc0  00000dc0  00002018  2**0
                  CONTENTS, ALLOC, LOAD, CODE
  4 .dalign       00000000  20000000  20000000  00002018  2**0
                  CONTENTS
  5 .dlalign      00000000  00000dc0  00000dc0  00002018  2**0
                  CONTENTS
  6 .data         00000018  20000000  00000dc0  00002000  2**2
                  CONTENTS, ALLOC, LOAD, DATA
  7 .bss          00000018  20000018  00000dd8  00002018  2**2
                  ALLOC
  8 .stack        00000800  20004800  20004800  00002800  2**0
                  ALLOC
  9 .debug_info   0000fade  00000000  00000000  00002018  2**0
                  CONTENTS, READONLY, DEBUGGING
 10 .debug_abbrev 000029ad  00000000  00000000  00011af6  2**0
                  CONTENTS, READONLY, DEBUGGING
 11 .debug_aranges 00000880  00000000  00000000  000144a8  2**3
                  CONTENTS, READONLY, DEBUGGING
 12 .debug_ranges 000007f8  00000000  00000000  00014d28  2**3
                  CONTENTS, READONLY, DEBUGGING
 13 .debug_line   0000ab79  00000000  00000000  00015520  2**0
                  CONTENTS, READONLY, DEBUGGING
 14 .debug_str    00002aad  00000000  00000000  00020099  2**0
                  CONTENTS, READONLY, DEBUGGING
 15 .comment      00000033  00000000  00000000  00022b46  2**0
                  CONTENTS, READONLY
 16 .debug_frame  00001160  00000000  00000000  00022b7c  2**2
                  CONTENTS, READONLY, DEBUGGING
 17 .debug_loc    00003895  00000000  00000000  00023cdc  2**0
                  CONTENTS, READONLY, DEBUGGING
SYMBOL TABLE:
00000000 l    d  .init	00000000 .init
00000004 l    d  .vector	00000000 .vector
00000100 l    d  .text	00000000 .text
00000dc0 l    d  .fini	00000000 .fini
20000000 l    d  .dalign	00000000 .dalign
00000dc0 l    d  .dlalign	00000000 .dlalign
20000000 l    d  .data	00000000 .data
20000018 l    d  .bss	00000000 .bss
20004800 l    d  .stack	00000000 .stack
00000000 l    d  .debug_info	00000000 .debug_info
00000000 l    d  .debug_abbrev	00000000 .debug_abbrev
00000000 l    d  .debug_aranges	00000000 .debug_aranges
00000000 l    d  .debug_ranges	00000000 .debug_ranges
00000000 l    d  .debug_line	00000000 .debug_line
00000000 l    d  .debug_str	00000000 .debug_str
00000000 l    d  .comment	00000000 .comment
00000000 l    d  .debug_frame	00000000 .debug_frame
00000000 l    d  .debug_loc	00000000 .debug_loc
00000000 l    df *ABS*	00000000 ./Startup/startup_ch32v20x_D6.o
00000004 l       .vector	00000000 _vector_base
00000000 l    df *ABS*	00000000 adc.c
00000000 l    df *ABS*	00000000 ch32v20x_it.c
00000000 l    df *ABS*	00000000 led.c
00000000 l    df *ABS*	00000000 main.c
00000000 l    df *ABS*	00000000 pwm.c
00000000 l    df *ABS*	00000000 system_ch32v20x.c
00000000 l    df *ABS*	00000000 timer.c
00000000 l    df *ABS*	00000000 ch32v20x_adc.c
00000000 l    df *ABS*	00000000 ch32v20x_dma.c
00000000 l    df *ABS*	00000000 ch32v20x_gpio.c
00000000 l    df *ABS*	00000000 ch32v20x_misc.c
00000000 l    df *ABS*	00000000 ch32v20x_rcc.c
00000000 l    df *ABS*	00000000 ch32v20x_tim.c
00000000 l    df *ABS*	00000000 debug.c
2000002c l     O .bss	00000002 p_ms
2000002e l     O .bss	00000001 p_us
00000734  w      .text	00000000 EXTI2_IRQHandler
000004c2 g     F .text	00000064 PWM_Timer_Init
000009fc g     F .text	00000014 DMA_Cmd
00000b34 g     F .text	0000001a GPIO_ReadOutputDataBit
20000810 g       .data	00000000 __global_pointer$
00000108 g     F .text	00000028 .hidden __riscv_save_8
00000a30 g     F .text	0000000a DMA_GetITStatus
00000734  w      .text	00000000 TIM1_CC_IRQHandler
0000034e g     F .text	00000010 HardFault_Handler
00000822 g     F .text	00000012 ADC_DMACmd
00000154 g     F .text	0000000c .hidden __riscv_restore_3
00000734  w      .text	00000000 SysTick_Handler
00000846 g     F .text	0000000a ADC_StartCalibration
00000b7c g     F .text	00000054 NVIC_Init
00000734  w      .text	00000000 PVD_IRQHandler
00000140 g     F .text	00000020 .hidden __riscv_restore_10
0000034c g     F .text	00000002 NMI_Handler
00000734  w      .text	00000000 EXTI3_IRQHandler
00000108 g     F .text	00000028 .hidden __riscv_save_11
20000018 g       .bss	00000000 _sbss
00000800 g       *ABS*	00000000 __stack_size
000009c4 g     F .text	00000038 DMA_Init
00000734  w      .text	00000000 USBFS_IRQHandler
00000154 g     F .text	0000000c .hidden __riscv_restore_2
0000054a g     F .text	00000010 PWM_Start
00000812 g     F .text	00000010 ADC_Cmd
00000492 g     F .text	00000030 PWM_GPIO_Init
00000734  w      .text	00000000 EXTI0_IRQHandler
00000734  w      .text	00000000 I2C2_EV_IRQHandler
00000d12 g     F .text	00000018 TIM_Cmd
00000d56 g     F .text	00000016 TIM_OC4PreloadConfig
20000010 g     O .data	00000004 SystemCoreClock
00000004 g       .init	00000000 _einit
00000d8a g     F .text	0000000c TIM_ClearITPendingBit
20000024 g     O .bss	00000002 timer_counter
00000c00 g     F .text	0000001e RCC_APB2PeriphClockCmd
00000100 g     F .text	00000030 .hidden __riscv_save_12
00000734  w      .text	00000000 ADC1_2_IRQHandler
00000a42 g     F .text	000000f2 GPIO_Init
00000bd0 g     F .text	00000012 RCC_ADCCLKConfig
00000734  w      .text	00000000 Break_Point_Handler
00000140 g     F .text	00000020 .hidden __riscv_restore_11
20000028 g     O .bss	00000004 NVIC_Priority_Group
00000734  w      .text	00000000 SPI1_IRQHandler
00000834 g     F .text	0000000a ADC_ResetCalibration
00000734  w      .text	00000000 TAMPER_IRQHandler
00000130 g     F .text	0000000c .hidden __riscv_save_1
0000042e g     F .text	00000032 LED_Init
000002c4 g     F .text	00000088 ADC_Module_Init
00000154 g     F .text	0000000c .hidden __riscv_restore_0
00000116 g     F .text	0000001a .hidden __riscv_save_7
00000a3a g     F .text	00000008 DMA_ClearITPendingBit
00000c1e g     F .text	0000001e RCC_APB1PeriphClockCmd
00000734  w      .text	00000000 Ecall_M_Mode_Handler
20004800 g       .stack	00000000 _heap_end
0000014a g     F .text	00000016 .hidden __riscv_restore_5
00000be2 g     F .text	0000001e RCC_AHBPeriphClockCmd
00000734  w      .text	00000000 DMA1_Channel4_IRQHandler
00000870 g     F .text	000000b8 ADC_RegularChannelConfig
00000a22 g     F .text	0000000e DMA_GetFlagStatus
0000014a g     F .text	00000016 .hidden __riscv_restore_6
00000734  w      .text	00000000 USART3_IRQHandler
00000734  w      .text	00000000 RTC_IRQHandler
00000850 g     F .text	00000008 ADC_GetCalibrationStatus
20000030 g       .bss	00000000 _ebss
00000734  w      .text	00000000 DMA1_Channel7_IRQHandler
00000858 g     F .text	00000018 ADC_SoftwareStartConvCmd
0000083e g     F .text	00000008 ADC_GetResetCalibrationStatus
00000526 g     F .text	00000024 PWM_Set_Duty
00000734  w      .text	00000000 CAN1_RX1_IRQHandler
00000d96 g     F .text	0000002a Delay_Init
2000001a g     O .bss	00000002 adc_value
00000460 g     F .text	0000001a LED_Toggle
00000b4e g     F .text	00000014 GPIO_SetBits
00000734  w      .text	00000000 TIM4_IRQHandler
00000d3c g     F .text	0000001a TIM_ARRPreloadConfig
00000108 g     F .text	00000028 .hidden __riscv_save_9
00000116 g     F .text	0000001a .hidden __riscv_save_4
00000734  w      .text	00000000 I2C1_EV_IRQHandler
00000d72 g     F .text	00000018 TIM_GetITStatus
00000734  w      .text	00000000 DMA1_Channel6_IRQHandler
00000734  w      .text	00000000 UART4_IRQHandler
000006d4 g     F .text	00000060 Timer_Init
00000734  w      .text	00000000 TIM3_IRQHandler
00000734  w      .text	00000000 RCC_IRQHandler
00000130 g     F .text	0000000c .hidden __riscv_save_3
00000734  w      .text	00000000 TIM1_TRG_COM_IRQHandler
000003b6 g     F .text	00000050 DMA1_Channel1_IRQHandler
00000000 g       .init	00000000 _start
20000000 g     O .data	00000010 AHBPrescTable
0000055a g     F .text	00000010 PWM_Module_Init
00000734  w      .text	00000000 EXTI15_10_IRQHandler
00000d2a g     F .text	00000012 TIM_ITConfig
00000734  w      .text	00000000 DMA1_Channel8_IRQHandler
00000b62 g     F .text	00000014 GPIO_ResetBits
20000000 g       .dalign	00000000 _data_vma
00000208 g     F .text	0000002c ADC_GPIO_Init
00000ca6 g     F .text	0000006c TIM_OC4Init
20000026 g     O .bss	00000001 MCU_Version
00000734  w      .text	00000000 EXTI9_5_IRQHandler
00000108 g     F .text	00000028 .hidden __riscv_save_10
0000014a g     F .text	00000016 .hidden __riscv_restore_4
00000140 g     F .text	00000020 .hidden __riscv_restore_8
00000116 g     F .text	0000001a .hidden __riscv_save_6
00000734  w      .text	00000000 SPI2_IRQHandler
00000160 g     F .text	000000a8 memset
00000140 g     F .text	00000020 .hidden __riscv_restore_9
0000014a g     F .text	00000016 .hidden __riscv_restore_7
0000047a g     F .text	00000018 main
00000734  w      .text	00000000 DMA1_Channel5_IRQHandler
00000734  w      .text	00000000 EXTI4_IRQHandler
00000734  w      .text	00000000 USB_LP_CAN1_RX0_IRQHandler
00000d6c g     F .text	00000006 TIM_SetCompare4
0000059a g     F .text	000000a8 SystemInit
20000022 g     O .bss	00000001 led_toggle_flag
00000734  w      .text	00000000 USB_HP_CAN1_TX_IRQHandler
00000000 g       .init	00000000 _sinit
0000056a g     F .text	00000030 PWM_Set_Duty_Percent
00000734  w      .text	00000000 DMA1_Channel3_IRQHandler
0000035e g     F .text	00000058 TIM1_UP_IRQHandler
00000734  w      .text	00000000 WWDG_IRQHandler
00000234 g     F .text	00000090 ADC_DMA_Init
00000734  w      .text	00000000 Ecall_U_Mode_Handler
00000a10 g     F .text	00000012 DMA_ITConfig
00000734  w      .text	00000000 TIM2_IRQHandler
20005000 g       .stack	00000000 _eusrstack
00000130 g     F .text	0000000c .hidden __riscv_save_2
00000734  w      .text	00000000 SW_Handler
0000041a g     F .text	00000014 LED_Off
20000020 g     O .bss	00000002 pwm_duty
00000734  w      .text	00000000 TIM1_BRK_IRQHandler
000007bc g     F .text	00000056 ADC_Init
00000734  w      .text	00000000 EXTI1_IRQHandler
00000116 g     F .text	0000001a .hidden __riscv_save_5
20000018 g       .data	00000000 _edata
20000030 g       .bss	00000000 _end
20000018 g     O .bss	00000001 adc_conversion_complete
00000c3c g     F .text	0000006a TIM_TimeBaseInit
00000734  w      .text	00000000 RTCAlarm_IRQHandler
00000dc0 g       .dlalign	00000000 _data_lma
00000734  w      .text	00000000 USART2_IRQHandler
00000642 g     F .text	00000092 SystemCoreClockUpdate
00000734  w      .text	00000000 I2C2_ER_IRQHandler
00000734  w      .text	00000000 DMA1_Channel2_IRQHandler
0000013c g     F .text	00000024 .hidden __riscv_restore_12
00000736  w      .text	00000000 handle_reset
00000734  w      .text	00000000 CAN1_SCE_IRQHandler
00000734  w      .text	00000000 FLASH_IRQHandler
00000130 g     F .text	0000000c .hidden __riscv_save_0
00000734  w      .text	00000000 USBFSWakeUp_IRQHandler
00000734  w      .text	00000000 USART1_IRQHandler
2000001c g     O .bss	00000004 ain
00000406 g     F .text	00000014 LED_On
00000734  w      .text	00000000 I2C1_ER_IRQHandler
00000b76 g     F .text	00000006 NVIC_PriorityGroupConfig
00000928 g     F .text	0000009c DMA_DeInit
00000154 g     F .text	0000000c .hidden __riscv_restore_1
00000734  w      .text	00000000 USBWakeUp_IRQHandler



Disassembly of section .init:

00000000 <_sinit>:
   0:	7360006f          	j	736 <handle_reset>

Disassembly of section .vector:

00000004 <_vector_base>:
	...
   c:	034c                	addi	a1,sp,388
   e:	0000                	unimp
  10:	034e                	slli	t1,t1,0x13
  12:	0000                	unimp
  14:	0000                	unimp
  16:	0000                	unimp
  18:	0734                	addi	a3,sp,904
	...
  22:	0000                	unimp
  24:	0734                	addi	a3,sp,904
  26:	0000                	unimp
  28:	0734                	addi	a3,sp,904
	...
  32:	0000                	unimp
  34:	0734                	addi	a3,sp,904
  36:	0000                	unimp
  38:	0000                	unimp
  3a:	0000                	unimp
  3c:	0734                	addi	a3,sp,904
  3e:	0000                	unimp
  40:	0000                	unimp
  42:	0000                	unimp
  44:	0734                	addi	a3,sp,904
  46:	0000                	unimp
  48:	0734                	addi	a3,sp,904
  4a:	0000                	unimp
  4c:	0734                	addi	a3,sp,904
  4e:	0000                	unimp
  50:	0734                	addi	a3,sp,904
  52:	0000                	unimp
  54:	0734                	addi	a3,sp,904
  56:	0000                	unimp
  58:	0734                	addi	a3,sp,904
  5a:	0000                	unimp
  5c:	0734                	addi	a3,sp,904
  5e:	0000                	unimp
  60:	0734                	addi	a3,sp,904
  62:	0000                	unimp
  64:	0734                	addi	a3,sp,904
  66:	0000                	unimp
  68:	0734                	addi	a3,sp,904
  6a:	0000                	unimp
  6c:	0734                	addi	a3,sp,904
  6e:	0000                	unimp
  70:	03b6                	slli	t2,t2,0xd
  72:	0000                	unimp
  74:	0734                	addi	a3,sp,904
  76:	0000                	unimp
  78:	0734                	addi	a3,sp,904
  7a:	0000                	unimp
  7c:	0734                	addi	a3,sp,904
  7e:	0000                	unimp
  80:	0734                	addi	a3,sp,904
  82:	0000                	unimp
  84:	0734                	addi	a3,sp,904
  86:	0000                	unimp
  88:	0734                	addi	a3,sp,904
  8a:	0000                	unimp
  8c:	0734                	addi	a3,sp,904
  8e:	0000                	unimp
  90:	0734                	addi	a3,sp,904
  92:	0000                	unimp
  94:	0734                	addi	a3,sp,904
  96:	0000                	unimp
  98:	0734                	addi	a3,sp,904
  9a:	0000                	unimp
  9c:	0734                	addi	a3,sp,904
  9e:	0000                	unimp
  a0:	0734                	addi	a3,sp,904
  a2:	0000                	unimp
  a4:	0734                	addi	a3,sp,904
  a6:	0000                	unimp
  a8:	035e                	slli	t1,t1,0x17
  aa:	0000                	unimp
  ac:	0734                	addi	a3,sp,904
  ae:	0000                	unimp
  b0:	0734                	addi	a3,sp,904
  b2:	0000                	unimp
  b4:	0734                	addi	a3,sp,904
  b6:	0000                	unimp
  b8:	0734                	addi	a3,sp,904
  ba:	0000                	unimp
  bc:	0734                	addi	a3,sp,904
  be:	0000                	unimp
  c0:	0734                	addi	a3,sp,904
  c2:	0000                	unimp
  c4:	0734                	addi	a3,sp,904
  c6:	0000                	unimp
  c8:	0734                	addi	a3,sp,904
  ca:	0000                	unimp
  cc:	0734                	addi	a3,sp,904
  ce:	0000                	unimp
  d0:	0734                	addi	a3,sp,904
  d2:	0000                	unimp
  d4:	0734                	addi	a3,sp,904
  d6:	0000                	unimp
  d8:	0734                	addi	a3,sp,904
  da:	0000                	unimp
  dc:	0734                	addi	a3,sp,904
  de:	0000                	unimp
  e0:	0734                	addi	a3,sp,904
  e2:	0000                	unimp
  e4:	0734                	addi	a3,sp,904
  e6:	0000                	unimp
  e8:	0734                	addi	a3,sp,904
  ea:	0000                	unimp
  ec:	0734                	addi	a3,sp,904
  ee:	0000                	unimp
  f0:	0734                	addi	a3,sp,904
  f2:	0000                	unimp
  f4:	0734                	addi	a3,sp,904
  f6:	0000                	unimp
  f8:	0734                	addi	a3,sp,904
  fa:	0000                	unimp
  fc:	0734                	addi	a3,sp,904
	...

Disassembly of section .text:

00000100 <__riscv_save_12>:
 100:	7139                	addi	sp,sp,-64
 102:	4301                	li	t1,0
 104:	c66e                	sw	s11,12(sp)
 106:	a019                	j	10c <__riscv_save_10+0x4>

00000108 <__riscv_save_10>:
 108:	7139                	addi	sp,sp,-64
 10a:	5341                	li	t1,-16
 10c:	c86a                	sw	s10,16(sp)
 10e:	ca66                	sw	s9,20(sp)
 110:	cc62                	sw	s8,24(sp)
 112:	ce5e                	sw	s7,28(sp)
 114:	a019                	j	11a <__riscv_save_4+0x4>

00000116 <__riscv_save_4>:
 116:	7139                	addi	sp,sp,-64
 118:	5301                	li	t1,-32
 11a:	d05a                	sw	s6,32(sp)
 11c:	d256                	sw	s5,36(sp)
 11e:	d452                	sw	s4,40(sp)
 120:	d64e                	sw	s3,44(sp)
 122:	d84a                	sw	s2,48(sp)
 124:	da26                	sw	s1,52(sp)
 126:	dc22                	sw	s0,56(sp)
 128:	de06                	sw	ra,60(sp)
 12a:	40610133          	sub	sp,sp,t1
 12e:	8282                	jr	t0

00000130 <__riscv_save_0>:
 130:	1141                	addi	sp,sp,-16
 132:	c04a                	sw	s2,0(sp)
 134:	c226                	sw	s1,4(sp)
 136:	c422                	sw	s0,8(sp)
 138:	c606                	sw	ra,12(sp)
 13a:	8282                	jr	t0

0000013c <__riscv_restore_12>:
 13c:	4db2                	lw	s11,12(sp)
 13e:	0141                	addi	sp,sp,16

00000140 <__riscv_restore_10>:
 140:	4d02                	lw	s10,0(sp)
 142:	4c92                	lw	s9,4(sp)
 144:	4c22                	lw	s8,8(sp)
 146:	4bb2                	lw	s7,12(sp)
 148:	0141                	addi	sp,sp,16

0000014a <__riscv_restore_4>:
 14a:	4b02                	lw	s6,0(sp)
 14c:	4a92                	lw	s5,4(sp)
 14e:	4a22                	lw	s4,8(sp)
 150:	49b2                	lw	s3,12(sp)
 152:	0141                	addi	sp,sp,16

00000154 <__riscv_restore_0>:
 154:	4902                	lw	s2,0(sp)
 156:	4492                	lw	s1,4(sp)
 158:	4422                	lw	s0,8(sp)
 15a:	40b2                	lw	ra,12(sp)
 15c:	0141                	addi	sp,sp,16
 15e:	8082                	ret

00000160 <memset>:
 160:	433d                	li	t1,15
 162:	872a                	mv	a4,a0
 164:	02c37363          	bgeu	t1,a2,18a <memset+0x2a>
 168:	00f77793          	andi	a5,a4,15
 16c:	efbd                	bnez	a5,1ea <memset+0x8a>
 16e:	e5ad                	bnez	a1,1d8 <memset+0x78>
 170:	ff067693          	andi	a3,a2,-16
 174:	8a3d                	andi	a2,a2,15
 176:	96ba                	add	a3,a3,a4
 178:	c30c                	sw	a1,0(a4)
 17a:	c34c                	sw	a1,4(a4)
 17c:	c70c                	sw	a1,8(a4)
 17e:	c74c                	sw	a1,12(a4)
 180:	0741                	addi	a4,a4,16
 182:	fed76be3          	bltu	a4,a3,178 <memset+0x18>
 186:	e211                	bnez	a2,18a <memset+0x2a>
 188:	8082                	ret
 18a:	40c306b3          	sub	a3,t1,a2
 18e:	068a                	slli	a3,a3,0x2
 190:	00000297          	auipc	t0,0x0
 194:	9696                	add	a3,a3,t0
 196:	00a68067          	jr	10(a3)
 19a:	00b70723          	sb	a1,14(a4)
 19e:	00b706a3          	sb	a1,13(a4)
 1a2:	00b70623          	sb	a1,12(a4)
 1a6:	00b705a3          	sb	a1,11(a4)
 1aa:	00b70523          	sb	a1,10(a4)
 1ae:	00b704a3          	sb	a1,9(a4)
 1b2:	00b70423          	sb	a1,8(a4)
 1b6:	00b703a3          	sb	a1,7(a4)
 1ba:	00b70323          	sb	a1,6(a4)
 1be:	00b702a3          	sb	a1,5(a4)
 1c2:	00b70223          	sb	a1,4(a4)
 1c6:	00b701a3          	sb	a1,3(a4)
 1ca:	00b70123          	sb	a1,2(a4)
 1ce:	00b700a3          	sb	a1,1(a4)
 1d2:	00b70023          	sb	a1,0(a4)
 1d6:	8082                	ret
 1d8:	0ff5f593          	andi	a1,a1,255
 1dc:	00859693          	slli	a3,a1,0x8
 1e0:	8dd5                	or	a1,a1,a3
 1e2:	01059693          	slli	a3,a1,0x10
 1e6:	8dd5                	or	a1,a1,a3
 1e8:	b761                	j	170 <memset+0x10>
 1ea:	00279693          	slli	a3,a5,0x2
 1ee:	00000297          	auipc	t0,0x0
 1f2:	9696                	add	a3,a3,t0
 1f4:	8286                	mv	t0,ra
 1f6:	fa8680e7          	jalr	-88(a3)
 1fa:	8096                	mv	ra,t0
 1fc:	17c1                	addi	a5,a5,-16
 1fe:	8f1d                	sub	a4,a4,a5
 200:	963e                	add	a2,a2,a5
 202:	f8c374e3          	bgeu	t1,a2,18a <memset+0x2a>
 206:	b7a5                	j	16e <memset+0xe>

00000208 <ADC_GPIO_Init>:
 208:	f29ff2ef          	jal	t0,130 <__riscv_save_0>
 20c:	1141                	addi	sp,sp,-16
 20e:	4585                	li	a1,1
 210:	4511                	li	a0,4
 212:	c202                	sw	zero,4(sp)
 214:	c402                	sw	zero,8(sp)
 216:	c602                	sw	zero,12(sp)
 218:	1e9000ef          	jal	ra,c00 <RCC_APB2PeriphClockCmd>
 21c:	40011537          	lui	a0,0x40011
 220:	47c1                	li	a5,16
 222:	004c                	addi	a1,sp,4
 224:	80050513          	addi	a0,a0,-2048 # 40010800 <_eusrstack+0x2000b800>
 228:	827c                	sh	a5,4(sp)
 22a:	c602                	sw	zero,12(sp)
 22c:	017000ef          	jal	ra,a42 <GPIO_Init>
 230:	0141                	addi	sp,sp,16
 232:	b70d                	j	154 <__riscv_restore_0>

00000234 <ADC_DMA_Init>:
 234:	efdff2ef          	jal	t0,130 <__riscv_save_0>
 238:	7139                	addi	sp,sp,-64
 23a:	02c00613          	li	a2,44
 23e:	4581                	li	a1,0
 240:	0848                	addi	a0,sp,20
 242:	3f39                	jal	160 <memset>
 244:	4585                	li	a1,1
 246:	4505                	li	a0,1
 248:	40020437          	lui	s0,0x40020
 24c:	c602                	sw	zero,12(sp)
 24e:	c802                	sw	zero,16(sp)
 250:	193000ef          	jal	ra,be2 <RCC_AHBPeriphClockCmd>
 254:	00840513          	addi	a0,s0,8 # 40020008 <_eusrstack+0x2001b008>
 258:	6d0000ef          	jal	ra,928 <DMA_DeInit>
 25c:	400127b7          	lui	a5,0x40012
 260:	44c78793          	addi	a5,a5,1100 # 4001244c <_eusrstack+0x2000d44c>
 264:	ca3e                	sw	a5,20(sp)
 266:	80a18793          	addi	a5,gp,-2038 # 2000001a <adc_value>
 26a:	cc3e                	sw	a5,24(sp)
 26c:	10000793          	li	a5,256
 270:	d63e                	sw	a5,44(sp)
 272:	40000793          	li	a5,1024
 276:	d83e                	sw	a5,48(sp)
 278:	02000793          	li	a5,32
 27c:	084c                	addi	a1,sp,20
 27e:	4485                	li	s1,1
 280:	da3e                	sw	a5,52(sp)
 282:	00840513          	addi	a0,s0,8
 286:	6789                	lui	a5,0x2
 288:	d026                	sw	s1,32(sp)
 28a:	dc3e                	sw	a5,56(sp)
 28c:	ce02                	sw	zero,28(sp)
 28e:	d202                	sw	zero,36(sp)
 290:	d402                	sw	zero,40(sp)
 292:	de02                	sw	zero,60(sp)
 294:	730000ef          	jal	ra,9c4 <DMA_Init>
 298:	21b00793          	li	a5,539
 29c:	0068                	addi	a0,sp,12
 29e:	867c                	sh	a5,12(sp)
 2a0:	c826                	sw	s1,16(sp)
 2a2:	00010723          	sb	zero,14(sp)
 2a6:	0d7000ef          	jal	ra,b7c <NVIC_Init>
 2aa:	4605                	li	a2,1
 2ac:	00840513          	addi	a0,s0,8
 2b0:	4589                	li	a1,2
 2b2:	75e000ef          	jal	ra,a10 <DMA_ITConfig>
 2b6:	4585                	li	a1,1
 2b8:	00840513          	addi	a0,s0,8
 2bc:	740000ef          	jal	ra,9fc <DMA_Cmd>
 2c0:	6121                	addi	sp,sp,64
 2c2:	bd49                	j	154 <__riscv_restore_0>

000002c4 <ADC_Module_Init>:
 2c4:	e6dff2ef          	jal	t0,130 <__riscv_save_0>
 2c8:	1101                	addi	sp,sp,-32
 2ca:	02000613          	li	a2,32
 2ce:	4581                	li	a1,0
 2d0:	850a                	mv	a0,sp
 2d2:	3579                	jal	160 <memset>
 2d4:	3f15                	jal	208 <ADC_GPIO_Init>
 2d6:	3fb9                	jal	234 <ADC_DMA_Init>
 2d8:	4585                	li	a1,1
 2da:	20000513          	li	a0,512
 2de:	123000ef          	jal	ra,c00 <RCC_APB2PeriphClockCmd>
 2e2:	6521                	lui	a0,0x8
 2e4:	0ed000ef          	jal	ra,bd0 <RCC_ADCCLKConfig>
 2e8:	40012437          	lui	s0,0x40012
 2ec:	000e07b7          	lui	a5,0xe0
 2f0:	c63e                	sw	a5,12(sp)
 2f2:	858a                	mv	a1,sp
 2f4:	4785                	li	a5,1
 2f6:	40040513          	addi	a0,s0,1024 # 40012400 <_eusrstack+0x2000d400>
 2fa:	00f10a23          	sb	a5,20(sp)
 2fe:	c002                	sw	zero,0(sp)
 300:	c202                	sw	zero,4(sp)
 302:	c402                	sw	zero,8(sp)
 304:	c802                	sw	zero,16(sp)
 306:	295d                	jal	7bc <ADC_Init>
 308:	469d                	li	a3,7
 30a:	4605                	li	a2,1
 30c:	4591                	li	a1,4
 30e:	40040513          	addi	a0,s0,1024
 312:	2bb9                	jal	870 <ADC_RegularChannelConfig>
 314:	4585                	li	a1,1
 316:	40040513          	addi	a0,s0,1024
 31a:	2321                	jal	822 <ADC_DMACmd>
 31c:	4585                	li	a1,1
 31e:	40040513          	addi	a0,s0,1024
 322:	29c5                	jal	812 <ADC_Cmd>
 324:	40040513          	addi	a0,s0,1024
 328:	2331                	jal	834 <ADC_ResetCalibration>
 32a:	40040493          	addi	s1,s0,1024
 32e:	8526                	mv	a0,s1
 330:	2339                	jal	83e <ADC_GetResetCalibrationStatus>
 332:	fd75                	bnez	a0,32e <ADC_Module_Init+0x6a>
 334:	40040513          	addi	a0,s0,1024
 338:	40012437          	lui	s0,0x40012
 33c:	2329                	jal	846 <ADC_StartCalibration>
 33e:	40040413          	addi	s0,s0,1024 # 40012400 <_eusrstack+0x2000d400>
 342:	8522                	mv	a0,s0
 344:	2331                	jal	850 <ADC_GetCalibrationStatus>
 346:	fd75                	bnez	a0,342 <ADC_Module_Init+0x7e>
 348:	6105                	addi	sp,sp,32
 34a:	b529                	j	154 <__riscv_restore_0>

0000034c <NMI_Handler>:
 34c:	a001                	j	34c <NMI_Handler>

0000034e <HardFault_Handler>:
 34e:	beef07b7          	lui	a5,0xbeef0
 352:	e000e737          	lui	a4,0xe000e
 356:	08078793          	addi	a5,a5,128 # beef0080 <_eusrstack+0x9eeeb080>
 35a:	c73c                	sw	a5,72(a4)
 35c:	a001                	j	35c <HardFault_Handler+0xe>

0000035e <TIM1_UP_IRQHandler>:
 35e:	1141                	addi	sp,sp,-16
 360:	c622                	sw	s0,12(sp)
 362:	40013437          	lui	s0,0x40013
 366:	4585                	li	a1,1
 368:	c0040513          	addi	a0,s0,-1024 # 40012c00 <_eusrstack+0x2000dc00>
 36c:	207000ef          	jal	ra,d72 <TIM_GetITStatus>
 370:	cd1d                	beqz	a0,3ae <TIM1_UP_IRQHandler+0x50>
 372:	4585                	li	a1,1
 374:	c0040513          	addi	a0,s0,-1024
 378:	213000ef          	jal	ra,d8a <TIM_ClearITPendingBit>
 37c:	40012537          	lui	a0,0x40012
 380:	4585                	li	a1,1
 382:	40050513          	addi	a0,a0,1024 # 40012400 <_eusrstack+0x2000d400>
 386:	29c9                	jal	858 <ADC_SoftwareStartConvCmd>
 388:	8141d783          	lhu	a5,-2028(gp) # 20000024 <timer_counter>
 38c:	1f300693          	li	a3,499
 390:	0785                	addi	a5,a5,1
 392:	07c2                	slli	a5,a5,0x10
 394:	83c1                	srli	a5,a5,0x10
 396:	80f19a23          	sh	a5,-2028(gp) # 20000024 <timer_counter>
 39a:	8141d783          	lhu	a5,-2028(gp) # 20000024 <timer_counter>
 39e:	00f6f863          	bgeu	a3,a5,3ae <TIM1_UP_IRQHandler+0x50>
 3a2:	80019a23          	sh	zero,-2028(gp) # 20000024 <timer_counter>
 3a6:	4705                	li	a4,1
 3a8:	80e18923          	sb	a4,-2030(gp) # 20000022 <led_toggle_flag>
 3ac:	2855                	jal	460 <LED_Toggle>
 3ae:	4432                	lw	s0,12(sp)
 3b0:	0141                	addi	sp,sp,16
 3b2:	30200073          	mret

000003b6 <DMA1_Channel1_IRQHandler>:
 3b6:	4509                	li	a0,2
 3b8:	2da5                	jal	a30 <DMA_GetITStatus>
 3ba:	c521                	beqz	a0,402 <DMA1_Channel1_IRQHandler+0x4c>
 3bc:	4509                	li	a0,2
 3be:	2db5                	jal	a3a <DMA_ClearITPendingBit>
 3c0:	80a1d703          	lhu	a4,-2038(gp) # 2000001a <adc_value>
 3c4:	67a5                	lui	a5,0x9
 3c6:	dcc78793          	addi	a5,a5,-564 # 8dcc <_data_lma+0x800c>
 3ca:	02e787b3          	mul	a5,a5,a4
 3ce:	06400513          	li	a0,100
 3d2:	83b1                	srli	a5,a5,0xc
 3d4:	80f1a623          	sw	a5,-2036(gp) # 2000001c <ain>
 3d8:	80c1a683          	lw	a3,-2036(gp) # 2000001c <ain>
 3dc:	6789                	lui	a5,0x2
 3de:	71078793          	addi	a5,a5,1808 # 2710 <_data_lma+0x1950>
 3e2:	00d7ea63          	bltu	a5,a3,3f6 <DMA1_Channel1_IRQHandler+0x40>
 3e6:	80c1a503          	lw	a0,-2036(gp) # 2000001c <ain>
 3ea:	06400793          	li	a5,100
 3ee:	02f55533          	divu	a0,a0,a5
 3f2:	0ff57513          	andi	a0,a0,255
 3f6:	2a95                	jal	56a <PWM_Set_Duty_Percent>
 3f8:	200007b7          	lui	a5,0x20000
 3fc:	4705                	li	a4,1
 3fe:	00e78c23          	sb	a4,24(a5) # 20000018 <_edata>
 402:	30200073          	mret

00000406 <LED_On>:
 406:	d2bff2ef          	jal	t0,130 <__riscv_save_0>
 40a:	40011537          	lui	a0,0x40011
 40e:	65a1                	lui	a1,0x8
 410:	c0050513          	addi	a0,a0,-1024 # 40010c00 <_eusrstack+0x2000bc00>
 414:	73a000ef          	jal	ra,b4e <GPIO_SetBits>
 418:	bb35                	j	154 <__riscv_restore_0>

0000041a <LED_Off>:
 41a:	d17ff2ef          	jal	t0,130 <__riscv_save_0>
 41e:	40011537          	lui	a0,0x40011
 422:	65a1                	lui	a1,0x8
 424:	c0050513          	addi	a0,a0,-1024 # 40010c00 <_eusrstack+0x2000bc00>
 428:	73a000ef          	jal	ra,b62 <GPIO_ResetBits>
 42c:	b325                	j	154 <__riscv_restore_0>

0000042e <LED_Init>:
 42e:	d03ff2ef          	jal	t0,130 <__riscv_save_0>
 432:	1141                	addi	sp,sp,-16
 434:	4585                	li	a1,1
 436:	4521                	li	a0,8
 438:	c202                	sw	zero,4(sp)
 43a:	c402                	sw	zero,8(sp)
 43c:	c602                	sw	zero,12(sp)
 43e:	7c2000ef          	jal	ra,c00 <RCC_APB2PeriphClockCmd>
 442:	77e1                	lui	a5,0xffff8
 444:	827c                	sh	a5,4(sp)
 446:	40011537          	lui	a0,0x40011
 44a:	47c1                	li	a5,16
 44c:	004c                	addi	a1,sp,4
 44e:	c63e                	sw	a5,12(sp)
 450:	c0050513          	addi	a0,a0,-1024 # 40010c00 <_eusrstack+0x2000bc00>
 454:	478d                	li	a5,3
 456:	c43e                	sw	a5,8(sp)
 458:	23ed                	jal	a42 <GPIO_Init>
 45a:	37c1                	jal	41a <LED_Off>
 45c:	0141                	addi	sp,sp,16
 45e:	b9dd                	j	154 <__riscv_restore_0>

00000460 <LED_Toggle>:
 460:	cd1ff2ef          	jal	t0,130 <__riscv_save_0>
 464:	40011537          	lui	a0,0x40011
 468:	65a1                	lui	a1,0x8
 46a:	c0050513          	addi	a0,a0,-1024 # 40010c00 <_eusrstack+0x2000bc00>
 46e:	25d9                	jal	b34 <GPIO_ReadOutputDataBit>
 470:	c119                	beqz	a0,476 <LED_Toggle+0x16>
 472:	3765                	jal	41a <LED_Off>
 474:	b1c5                	j	154 <__riscv_restore_0>
 476:	3f41                	jal	406 <LED_On>
 478:	bff5                	j	474 <LED_Toggle+0x14>

0000047a <main>:
 47a:	cb7ff2ef          	jal	t0,130 <__riscv_save_0>
 47e:	4505                	li	a0,1
 480:	2ddd                	jal	b76 <NVIC_PriorityGroupConfig>
 482:	22c1                	jal	642 <SystemCoreClockUpdate>
 484:	113000ef          	jal	ra,d96 <Delay_Init>
 488:	375d                	jal	42e <LED_Init>
 48a:	24a9                	jal	6d4 <Timer_Init>
 48c:	3d25                	jal	2c4 <ADC_Module_Init>
 48e:	20f1                	jal	55a <PWM_Module_Init>
 490:	a001                	j	490 <main+0x16>

00000492 <PWM_GPIO_Init>:
 492:	c9fff2ef          	jal	t0,130 <__riscv_save_0>
 496:	1141                	addi	sp,sp,-16
 498:	4585                	li	a1,1
 49a:	4511                	li	a0,4
 49c:	c202                	sw	zero,4(sp)
 49e:	c402                	sw	zero,8(sp)
 4a0:	c602                	sw	zero,12(sp)
 4a2:	75e000ef          	jal	ra,c00 <RCC_APB2PeriphClockCmd>
 4a6:	47a1                	li	a5,8
 4a8:	827c                	sh	a5,4(sp)
 4aa:	40011537          	lui	a0,0x40011
 4ae:	47e1                	li	a5,24
 4b0:	c63e                	sw	a5,12(sp)
 4b2:	004c                	addi	a1,sp,4
 4b4:	478d                	li	a5,3
 4b6:	80050513          	addi	a0,a0,-2048 # 40010800 <_eusrstack+0x2000b800>
 4ba:	c43e                	sw	a5,8(sp)
 4bc:	2359                	jal	a42 <GPIO_Init>
 4be:	0141                	addi	sp,sp,16
 4c0:	b951                	j	154 <__riscv_restore_0>

000004c2 <PWM_Timer_Init>:
 4c2:	c6fff2ef          	jal	t0,130 <__riscv_save_0>
 4c6:	1101                	addi	sp,sp,-32
 4c8:	4585                	li	a1,1
 4ca:	4505                	li	a0,1
 4cc:	c202                	sw	zero,4(sp)
 4ce:	c402                	sw	zero,8(sp)
 4d0:	00011623          	sh	zero,12(sp)
 4d4:	c802                	sw	zero,16(sp)
 4d6:	ca02                	sw	zero,20(sp)
 4d8:	cc02                	sw	zero,24(sp)
 4da:	ce02                	sw	zero,28(sp)
 4dc:	742000ef          	jal	ra,c1e <RCC_APB1PeriphClockCmd>
 4e0:	6785                	lui	a5,0x1
 4e2:	e0f78793          	addi	a5,a5,-497 # e0f <_data_lma+0x4f>
 4e6:	004c                	addi	a1,sp,4
 4e8:	40000537          	lui	a0,0x40000
 4ec:	c43e                	sw	a5,8(sp)
 4ee:	c202                	sw	zero,4(sp)
 4f0:	74c000ef          	jal	ra,c3c <TIM_TimeBaseInit>
 4f4:	67c1                	lui	a5,0x10
 4f6:	06078793          	addi	a5,a5,96 # 10060 <_data_lma+0xf2a0>
 4fa:	080c                	addi	a1,sp,16
 4fc:	40000537          	lui	a0,0x40000
 500:	c83e                	sw	a5,16(sp)
 502:	00011c23          	sh	zero,24(sp)
 506:	00011b23          	sh	zero,22(sp)
 50a:	79c000ef          	jal	ra,ca6 <TIM_OC4Init>
 50e:	45a1                	li	a1,8
 510:	40000537          	lui	a0,0x40000
 514:	043000ef          	jal	ra,d56 <TIM_OC4PreloadConfig>
 518:	4585                	li	a1,1
 51a:	40000537          	lui	a0,0x40000
 51e:	01f000ef          	jal	ra,d3c <TIM_ARRPreloadConfig>
 522:	6105                	addi	sp,sp,32
 524:	b905                	j	154 <__riscv_restore_0>

00000526 <PWM_Set_Duty>:
 526:	c0bff2ef          	jal	t0,130 <__riscv_save_0>
 52a:	6785                	lui	a5,0x1
 52c:	e0f78793          	addi	a5,a5,-497 # e0f <_data_lma+0x4f>
 530:	85be                	mv	a1,a5
 532:	00a7e363          	bltu	a5,a0,538 <PWM_Set_Duty+0x12>
 536:	85aa                	mv	a1,a0
 538:	80b19823          	sh	a1,-2032(gp) # 20000020 <pwm_duty>
 53c:	05c2                	slli	a1,a1,0x10
 53e:	81c1                	srli	a1,a1,0x10
 540:	40000537          	lui	a0,0x40000
 544:	029000ef          	jal	ra,d6c <TIM_SetCompare4>
 548:	b131                	j	154 <__riscv_restore_0>

0000054a <PWM_Start>:
 54a:	be7ff2ef          	jal	t0,130 <__riscv_save_0>
 54e:	4585                	li	a1,1
 550:	40000537          	lui	a0,0x40000
 554:	7be000ef          	jal	ra,d12 <TIM_Cmd>
 558:	bef5                	j	154 <__riscv_restore_0>

0000055a <PWM_Module_Init>:
 55a:	bd7ff2ef          	jal	t0,130 <__riscv_save_0>
 55e:	3f15                	jal	492 <PWM_GPIO_Init>
 560:	378d                	jal	4c2 <PWM_Timer_Init>
 562:	4501                	li	a0,0
 564:	37c9                	jal	526 <PWM_Set_Duty>
 566:	37d5                	jal	54a <PWM_Start>
 568:	b6f5                	j	154 <__riscv_restore_0>

0000056a <PWM_Set_Duty_Percent>:
 56a:	bc7ff2ef          	jal	t0,130 <__riscv_save_0>
 56e:	06400713          	li	a4,100
 572:	06400793          	li	a5,100
 576:	00a76363          	bltu	a4,a0,57c <PWM_Set_Duty_Percent+0x12>
 57a:	87aa                	mv	a5,a0
 57c:	0ff7f513          	andi	a0,a5,255
 580:	6785                	lui	a5,0x1
 582:	e0f78793          	addi	a5,a5,-497 # e0f <_data_lma+0x4f>
 586:	02f50533          	mul	a0,a0,a5
 58a:	06400793          	li	a5,100
 58e:	02f54533          	div	a0,a0,a5
 592:	0542                	slli	a0,a0,0x10
 594:	8141                	srli	a0,a0,0x10
 596:	3f41                	jal	526 <PWM_Set_Duty>
 598:	be75                	j	154 <__riscv_restore_0>

0000059a <SystemInit>:
 59a:	400217b7          	lui	a5,0x40021
 59e:	4398                	lw	a4,0(a5)
 5a0:	f0ff06b7          	lui	a3,0xf0ff0
 5a4:	00176713          	ori	a4,a4,1
 5a8:	c398                	sw	a4,0(a5)
 5aa:	43d8                	lw	a4,4(a5)
 5ac:	8f75                	and	a4,a4,a3
 5ae:	c3d8                	sw	a4,4(a5)
 5b0:	4398                	lw	a4,0(a5)
 5b2:	fef706b7          	lui	a3,0xfef70
 5b6:	16fd                	addi	a3,a3,-1
 5b8:	8f75                	and	a4,a4,a3
 5ba:	c398                	sw	a4,0(a5)
 5bc:	4398                	lw	a4,0(a5)
 5be:	fffc06b7          	lui	a3,0xfffc0
 5c2:	16fd                	addi	a3,a3,-1
 5c4:	8f75                	and	a4,a4,a3
 5c6:	c398                	sw	a4,0(a5)
 5c8:	43d8                	lw	a4,4(a5)
 5ca:	ff0106b7          	lui	a3,0xff010
 5ce:	16fd                	addi	a3,a3,-1
 5d0:	8f75                	and	a4,a4,a3
 5d2:	c3d8                	sw	a4,4(a5)
 5d4:	009f0737          	lui	a4,0x9f0
 5d8:	c798                	sw	a4,8(a5)
 5da:	400246b7          	lui	a3,0x40024
 5de:	8006a703          	lw	a4,-2048(a3) # 40023800 <_eusrstack+0x2001e800>
 5e2:	01076713          	ori	a4,a4,16
 5e6:	80e6a023          	sw	a4,-2048(a3)
 5ea:	43d8                	lw	a4,4(a5)
 5ec:	ffc106b7          	lui	a3,0xffc10
 5f0:	16fd                	addi	a3,a3,-1
 5f2:	c3d8                	sw	a4,4(a5)
 5f4:	43d8                	lw	a4,4(a5)
 5f6:	c3d8                	sw	a4,4(a5)
 5f8:	43d8                	lw	a4,4(a5)
 5fa:	40076713          	ori	a4,a4,1024
 5fe:	c3d8                	sw	a4,4(a5)
 600:	43d8                	lw	a4,4(a5)
 602:	8f75                	and	a4,a4,a3
 604:	c3d8                	sw	a4,4(a5)
 606:	43d8                	lw	a4,4(a5)
 608:	003c06b7          	lui	a3,0x3c0
 60c:	8f55                	or	a4,a4,a3
 60e:	c3d8                	sw	a4,4(a5)
 610:	4398                	lw	a4,0(a5)
 612:	010006b7          	lui	a3,0x1000
 616:	8f55                	or	a4,a4,a3
 618:	c398                	sw	a4,0(a5)
 61a:	4398                	lw	a4,0(a5)
 61c:	00671693          	slli	a3,a4,0x6
 620:	fe06dde3          	bgez	a3,61a <SystemInit+0x80>
 624:	43d8                	lw	a4,4(a5)
 626:	400216b7          	lui	a3,0x40021
 62a:	9b71                	andi	a4,a4,-4
 62c:	c3d8                	sw	a4,4(a5)
 62e:	43d8                	lw	a4,4(a5)
 630:	00276713          	ori	a4,a4,2
 634:	c3d8                	sw	a4,4(a5)
 636:	4721                	li	a4,8
 638:	42dc                	lw	a5,4(a3)
 63a:	8bb1                	andi	a5,a5,12
 63c:	fee79ee3          	bne	a5,a4,638 <SystemInit+0x9e>
 640:	8082                	ret

00000642 <SystemCoreClockUpdate>:
 642:	400216b7          	lui	a3,0x40021
 646:	42dc                	lw	a5,4(a3)
 648:	20000737          	lui	a4,0x20000
 64c:	4611                	li	a2,4
 64e:	8bb1                	andi	a5,a5,12
 650:	01070713          	addi	a4,a4,16 # 20000010 <SystemCoreClock>
 654:	00c78563          	beq	a5,a2,65e <SystemCoreClockUpdate+0x1c>
 658:	4621                	li	a2,8
 65a:	02c78863          	beq	a5,a2,68a <SystemCoreClockUpdate+0x48>
 65e:	007a17b7          	lui	a5,0x7a1
 662:	20078793          	addi	a5,a5,512 # 7a1200 <_data_lma+0x7a0440>
 666:	c31c                	sw	a5,0(a4)
 668:	400217b7          	lui	a5,0x40021
 66c:	43dc                	lw	a5,4(a5)
 66e:	8391                	srli	a5,a5,0x4
 670:	00f7f693          	andi	a3,a5,15
 674:	200007b7          	lui	a5,0x20000
 678:	00078793          	mv	a5,a5
 67c:	97b6                	add	a5,a5,a3
 67e:	2394                	lbu	a3,0(a5)
 680:	431c                	lw	a5,0(a4)
 682:	00d7d7b3          	srl	a5,a5,a3
 686:	c31c                	sw	a5,0(a4)
 688:	8082                	ret
 68a:	42dc                	lw	a5,4(a3)
 68c:	42d4                	lw	a3,4(a3)
 68e:	6641                	lui	a2,0x10
 690:	83c9                	srli	a5,a5,0x12
 692:	8bbd                	andi	a5,a5,15
 694:	8ef1                	and	a3,a3,a2
 696:	0789                	addi	a5,a5,2
 698:	4645                	li	a2,17
 69a:	00c79363          	bne	a5,a2,6a0 <SystemCoreClockUpdate+0x5e>
 69e:	47c9                	li	a5,18
 6a0:	ee81                	bnez	a3,6b8 <SystemCoreClockUpdate+0x76>
 6a2:	400246b7          	lui	a3,0x40024
 6a6:	8006a683          	lw	a3,-2048(a3) # 40023800 <_eusrstack+0x2001e800>
 6aa:	8ac1                	andi	a3,a3,16
 6ac:	ce89                	beqz	a3,6c6 <SystemCoreClockUpdate+0x84>
 6ae:	007a16b7          	lui	a3,0x7a1
 6b2:	20068693          	addi	a3,a3,512 # 7a1200 <_data_lma+0x7a0440>
 6b6:	a821                	j	6ce <SystemCoreClockUpdate+0x8c>
 6b8:	400216b7          	lui	a3,0x40021
 6bc:	42d4                	lw	a3,4(a3)
 6be:	00e69613          	slli	a2,a3,0xe
 6c2:	fe0656e3          	bgez	a2,6ae <SystemCoreClockUpdate+0x6c>
 6c6:	003d16b7          	lui	a3,0x3d1
 6ca:	90068693          	addi	a3,a3,-1792 # 3d0900 <_data_lma+0x3cfb40>
 6ce:	02d787b3          	mul	a5,a5,a3
 6d2:	bf51                	j	666 <SystemCoreClockUpdate+0x24>

000006d4 <Timer_Init>:
 6d4:	a5dff2ef          	jal	t0,130 <__riscv_save_0>
 6d8:	6505                	lui	a0,0x1
 6da:	1101                	addi	sp,sp,-32
 6dc:	4585                	li	a1,1
 6de:	80050513          	addi	a0,a0,-2048 # 800 <__stack_size>
 6e2:	ca02                	sw	zero,20(sp)
 6e4:	cc02                	sw	zero,24(sp)
 6e6:	00011e23          	sh	zero,28(sp)
 6ea:	c602                	sw	zero,12(sp)
 6ec:	c802                	sw	zero,16(sp)
 6ee:	2b09                	jal	c00 <RCC_APB2PeriphClockCmd>
 6f0:	40013437          	lui	s0,0x40013
 6f4:	04700793          	li	a5,71
 6f8:	ca3e                	sw	a5,20(sp)
 6fa:	084c                	addi	a1,sp,20
 6fc:	3e700793          	li	a5,999
 700:	c0040513          	addi	a0,s0,-1024 # 40012c00 <_eusrstack+0x2000dc00>
 704:	cc3e                	sw	a5,24(sp)
 706:	00010e23          	sb	zero,28(sp)
 70a:	2b0d                	jal	c3c <TIM_TimeBaseInit>
 70c:	4605                	li	a2,1
 70e:	4585                	li	a1,1
 710:	c0040513          	addi	a0,s0,-1024
 714:	2d19                	jal	d2a <TIM_ITConfig>
 716:	12900793          	li	a5,297
 71a:	867c                	sh	a5,12(sp)
 71c:	4785                	li	a5,1
 71e:	875c                	sb	a5,14(sp)
 720:	0068                	addi	a0,sp,12
 722:	4785                	li	a5,1
 724:	c83e                	sw	a5,16(sp)
 726:	2999                	jal	b7c <NVIC_Init>
 728:	4585                	li	a1,1
 72a:	c0040513          	addi	a0,s0,-1024
 72e:	23d5                	jal	d12 <TIM_Cmd>
 730:	6105                	addi	sp,sp,32
 732:	b40d                	j	154 <__riscv_restore_0>

00000734 <ADC1_2_IRQHandler>:
 734:	a001                	j	734 <ADC1_2_IRQHandler>

00000736 <handle_reset>:
 736:	20000197          	auipc	gp,0x20000
 73a:	0da18193          	addi	gp,gp,218 # 20000810 <__global_pointer$>
 73e:	20005117          	auipc	sp,0x20005
 742:	8c210113          	addi	sp,sp,-1854 # 20005000 <_eusrstack>
 746:	00000517          	auipc	a0,0x0
 74a:	67a50513          	addi	a0,a0,1658 # dc0 <_data_lma>
 74e:	20000597          	auipc	a1,0x20000
 752:	8b258593          	addi	a1,a1,-1870 # 20000000 <_data_vma>
 756:	80818613          	addi	a2,gp,-2040 # 20000018 <_edata>
 75a:	00c5fa63          	bgeu	a1,a2,76e <handle_reset+0x38>
 75e:	00052283          	lw	t0,0(a0)
 762:	0055a023          	sw	t0,0(a1)
 766:	0511                	addi	a0,a0,4
 768:	0591                	addi	a1,a1,4
 76a:	fec5eae3          	bltu	a1,a2,75e <handle_reset+0x28>
 76e:	80818513          	addi	a0,gp,-2040 # 20000018 <_edata>
 772:	82018593          	addi	a1,gp,-2016 # 20000030 <_ebss>
 776:	00b57763          	bgeu	a0,a1,784 <handle_reset+0x4e>
 77a:	00052023          	sw	zero,0(a0)
 77e:	0511                	addi	a0,a0,4
 780:	feb56de3          	bltu	a0,a1,77a <handle_reset+0x44>
 784:	42fd                	li	t0,31
 786:	bc029073          	csrw	0xbc0,t0
 78a:	428d                	li	t0,3
 78c:	80429073          	csrw	0x804,t0
 790:	08800293          	li	t0,136
 794:	30029073          	csrw	mstatus,t0
 798:	00000297          	auipc	t0,0x0
 79c:	86c28293          	addi	t0,t0,-1940 # 4 <_einit>
 7a0:	0032e293          	ori	t0,t0,3
 7a4:	30529073          	csrw	mtvec,t0
 7a8:	df3ff0ef          	jal	ra,59a <SystemInit>
 7ac:	00000297          	auipc	t0,0x0
 7b0:	cce28293          	addi	t0,t0,-818 # 47a <main>
 7b4:	34129073          	csrw	mepc,t0
 7b8:	30200073          	mret

000007bc <ADC_Init>:
 7bc:	415c                	lw	a5,4(a0)
 7be:	e0f10737          	lui	a4,0xe0f10
 7c2:	eff70713          	addi	a4,a4,-257 # e0f0feff <_eusrstack+0xc0f0aeff>
 7c6:	4d94                	lw	a3,24(a1)
 7c8:	8f7d                	and	a4,a4,a5
 7ca:	419c                	lw	a5,0(a1)
 7cc:	8fd5                	or	a5,a5,a3
 7ce:	4dd4                	lw	a3,28(a1)
 7d0:	8fd5                	or	a5,a5,a3
 7d2:	41d4                	lw	a3,4(a1)
 7d4:	06a2                	slli	a3,a3,0x8
 7d6:	8fd5                	or	a5,a5,a3
 7d8:	8fd9                	or	a5,a5,a4
 7da:	c15c                	sw	a5,4(a0)
 7dc:	451c                	lw	a5,8(a0)
 7de:	fff1f737          	lui	a4,0xfff1f
 7e2:	7fd70713          	addi	a4,a4,2045 # fff1f7fd <_eusrstack+0xdff1a7fd>
 7e6:	45d4                	lw	a3,12(a1)
 7e8:	8f7d                	and	a4,a4,a5
 7ea:	499c                	lw	a5,16(a1)
 7ec:	8fd5                	or	a5,a5,a3
 7ee:	4594                	lw	a3,8(a1)
 7f0:	0686                	slli	a3,a3,0x1
 7f2:	8fd5                	or	a5,a5,a3
 7f4:	8fd9                	or	a5,a5,a4
 7f6:	c51c                	sw	a5,8(a0)
 7f8:	555c                	lw	a5,44(a0)
 7fa:	ff100737          	lui	a4,0xff100
 7fe:	177d                	addi	a4,a4,-1
 800:	8f7d                	and	a4,a4,a5
 802:	29dc                	lbu	a5,20(a1)
 804:	17fd                	addi	a5,a5,-1
 806:	0ff7f793          	andi	a5,a5,255
 80a:	07d2                	slli	a5,a5,0x14
 80c:	8fd9                	or	a5,a5,a4
 80e:	d55c                	sw	a5,44(a0)
 810:	8082                	ret

00000812 <ADC_Cmd>:
 812:	451c                	lw	a5,8(a0)
 814:	c589                	beqz	a1,81e <ADC_Cmd+0xc>
 816:	0017e793          	ori	a5,a5,1
 81a:	c51c                	sw	a5,8(a0)
 81c:	8082                	ret
 81e:	9bf9                	andi	a5,a5,-2
 820:	bfed                	j	81a <ADC_Cmd+0x8>

00000822 <ADC_DMACmd>:
 822:	451c                	lw	a5,8(a0)
 824:	c589                	beqz	a1,82e <ADC_DMACmd+0xc>
 826:	1007e793          	ori	a5,a5,256
 82a:	c51c                	sw	a5,8(a0)
 82c:	8082                	ret
 82e:	eff7f793          	andi	a5,a5,-257
 832:	bfe5                	j	82a <ADC_DMACmd+0x8>

00000834 <ADC_ResetCalibration>:
 834:	451c                	lw	a5,8(a0)
 836:	0087e793          	ori	a5,a5,8
 83a:	c51c                	sw	a5,8(a0)
 83c:	8082                	ret

0000083e <ADC_GetResetCalibrationStatus>:
 83e:	4508                	lw	a0,8(a0)
 840:	810d                	srli	a0,a0,0x3
 842:	8905                	andi	a0,a0,1
 844:	8082                	ret

00000846 <ADC_StartCalibration>:
 846:	451c                	lw	a5,8(a0)
 848:	0047e793          	ori	a5,a5,4
 84c:	c51c                	sw	a5,8(a0)
 84e:	8082                	ret

00000850 <ADC_GetCalibrationStatus>:
 850:	4508                	lw	a0,8(a0)
 852:	8109                	srli	a0,a0,0x2
 854:	8905                	andi	a0,a0,1
 856:	8082                	ret

00000858 <ADC_SoftwareStartConvCmd>:
 858:	451c                	lw	a5,8(a0)
 85a:	c591                	beqz	a1,866 <ADC_SoftwareStartConvCmd+0xe>
 85c:	00500737          	lui	a4,0x500
 860:	8fd9                	or	a5,a5,a4
 862:	c51c                	sw	a5,8(a0)
 864:	8082                	ret
 866:	ffb00737          	lui	a4,0xffb00
 86a:	177d                	addi	a4,a4,-1
 86c:	8ff9                	and	a5,a5,a4
 86e:	bfd5                	j	862 <ADC_SoftwareStartConvCmd+0xa>

00000870 <ADC_RegularChannelConfig>:
 870:	47a5                	li	a5,9
 872:	04b7f763          	bgeu	a5,a1,8c0 <ADC_RegularChannelConfig+0x50>
 876:	478d                	li	a5,3
 878:	ff658713          	addi	a4,a1,-10
 87c:	02f70733          	mul	a4,a4,a5
 880:	00c52803          	lw	a6,12(a0)
 884:	479d                	li	a5,7
 886:	00e797b3          	sll	a5,a5,a4
 88a:	fff7c793          	not	a5,a5
 88e:	0107f7b3          	and	a5,a5,a6
 892:	00e696b3          	sll	a3,a3,a4
 896:	8edd                	or	a3,a3,a5
 898:	c554                	sw	a3,12(a0)
 89a:	4799                	li	a5,6
 89c:	04c7e363          	bltu	a5,a2,8e2 <ADC_RegularChannelConfig+0x72>
 8a0:	4795                	li	a5,5
 8a2:	167d                	addi	a2,a2,-1
 8a4:	02f60633          	mul	a2,a2,a5
 8a8:	5958                	lw	a4,52(a0)
 8aa:	47fd                	li	a5,31
 8ac:	00c797b3          	sll	a5,a5,a2
 8b0:	fff7c793          	not	a5,a5
 8b4:	8ff9                	and	a5,a5,a4
 8b6:	00c59633          	sll	a2,a1,a2
 8ba:	8e5d                	or	a2,a2,a5
 8bc:	d950                	sw	a2,52(a0)
 8be:	8082                	ret
 8c0:	470d                	li	a4,3
 8c2:	02e58733          	mul	a4,a1,a4
 8c6:	01052803          	lw	a6,16(a0)
 8ca:	479d                	li	a5,7
 8cc:	00e797b3          	sll	a5,a5,a4
 8d0:	fff7c793          	not	a5,a5
 8d4:	0107f7b3          	and	a5,a5,a6
 8d8:	00e696b3          	sll	a3,a3,a4
 8dc:	8edd                	or	a3,a3,a5
 8de:	c914                	sw	a3,16(a0)
 8e0:	bf6d                	j	89a <ADC_RegularChannelConfig+0x2a>
 8e2:	47b1                	li	a5,12
 8e4:	02c7e263          	bltu	a5,a2,908 <ADC_RegularChannelConfig+0x98>
 8e8:	4795                	li	a5,5
 8ea:	1665                	addi	a2,a2,-7
 8ec:	02f60633          	mul	a2,a2,a5
 8f0:	5918                	lw	a4,48(a0)
 8f2:	47fd                	li	a5,31
 8f4:	00c797b3          	sll	a5,a5,a2
 8f8:	fff7c793          	not	a5,a5
 8fc:	8ff9                	and	a5,a5,a4
 8fe:	00c59633          	sll	a2,a1,a2
 902:	8e5d                	or	a2,a2,a5
 904:	d910                	sw	a2,48(a0)
 906:	8082                	ret
 908:	4795                	li	a5,5
 90a:	164d                	addi	a2,a2,-13
 90c:	02f60633          	mul	a2,a2,a5
 910:	5558                	lw	a4,44(a0)
 912:	47fd                	li	a5,31
 914:	00c797b3          	sll	a5,a5,a2
 918:	fff7c793          	not	a5,a5
 91c:	8ff9                	and	a5,a5,a4
 91e:	00c595b3          	sll	a1,a1,a2
 922:	8ddd                	or	a1,a1,a5
 924:	d54c                	sw	a1,44(a0)
 926:	8082                	ret

00000928 <DMA_DeInit>:
 928:	411c                	lw	a5,0(a0)
 92a:	6741                	lui	a4,0x10
 92c:	1779                	addi	a4,a4,-2
 92e:	8ff9                	and	a5,a5,a4
 930:	c11c                	sw	a5,0(a0)
 932:	00052023          	sw	zero,0(a0)
 936:	00052223          	sw	zero,4(a0)
 93a:	00052423          	sw	zero,8(a0)
 93e:	400207b7          	lui	a5,0x40020
 942:	00052623          	sw	zero,12(a0)
 946:	00878713          	addi	a4,a5,8 # 40020008 <_eusrstack+0x2001b008>
 94a:	00e51663          	bne	a0,a4,956 <DMA_DeInit+0x2e>
 94e:	43d8                	lw	a4,4(a5)
 950:	00f76713          	ori	a4,a4,15
 954:	a801                	j	964 <DMA_DeInit+0x3c>
 956:	01c78713          	addi	a4,a5,28
 95a:	00e51763          	bne	a0,a4,968 <DMA_DeInit+0x40>
 95e:	43d8                	lw	a4,4(a5)
 960:	0f076713          	ori	a4,a4,240
 964:	c3d8                	sw	a4,4(a5)
 966:	a8b1                	j	9c2 <DMA_DeInit+0x9a>
 968:	03078713          	addi	a4,a5,48
 96c:	00e51863          	bne	a0,a4,97c <DMA_DeInit+0x54>
 970:	43d8                	lw	a4,4(a5)
 972:	6685                	lui	a3,0x1
 974:	f0068693          	addi	a3,a3,-256 # f00 <_data_lma+0x140>
 978:	8f55                	or	a4,a4,a3
 97a:	b7ed                	j	964 <DMA_DeInit+0x3c>
 97c:	04478713          	addi	a4,a5,68
 980:	00e51563          	bne	a0,a4,98a <DMA_DeInit+0x62>
 984:	43d8                	lw	a4,4(a5)
 986:	66bd                	lui	a3,0xf
 988:	bfc5                	j	978 <DMA_DeInit+0x50>
 98a:	05878713          	addi	a4,a5,88
 98e:	00e51663          	bne	a0,a4,99a <DMA_DeInit+0x72>
 992:	43d8                	lw	a4,4(a5)
 994:	000f06b7          	lui	a3,0xf0
 998:	b7c5                	j	978 <DMA_DeInit+0x50>
 99a:	06c78713          	addi	a4,a5,108
 99e:	00e51663          	bne	a0,a4,9aa <DMA_DeInit+0x82>
 9a2:	43d8                	lw	a4,4(a5)
 9a4:	00f006b7          	lui	a3,0xf00
 9a8:	bfc1                	j	978 <DMA_DeInit+0x50>
 9aa:	08078713          	addi	a4,a5,128
 9ae:	00e51663          	bne	a0,a4,9ba <DMA_DeInit+0x92>
 9b2:	43d8                	lw	a4,4(a5)
 9b4:	0f0006b7          	lui	a3,0xf000
 9b8:	b7c1                	j	978 <DMA_DeInit+0x50>
 9ba:	09478713          	addi	a4,a5,148
 9be:	f8e508e3          	beq	a0,a4,94e <DMA_DeInit+0x26>
 9c2:	8082                	ret

000009c4 <DMA_Init>:
 9c4:	411c                	lw	a5,0(a0)
 9c6:	7761                	lui	a4,0xffff8
 9c8:	073d                	addi	a4,a4,15
 9ca:	5194                	lw	a3,32(a1)
 9cc:	8f7d                	and	a4,a4,a5
 9ce:	459c                	lw	a5,8(a1)
 9d0:	8fd5                	or	a5,a5,a3
 9d2:	4994                	lw	a3,16(a1)
 9d4:	8fd5                	or	a5,a5,a3
 9d6:	49d4                	lw	a3,20(a1)
 9d8:	8fd5                	or	a5,a5,a3
 9da:	4d94                	lw	a3,24(a1)
 9dc:	8fd5                	or	a5,a5,a3
 9de:	4dd4                	lw	a3,28(a1)
 9e0:	8fd5                	or	a5,a5,a3
 9e2:	51d4                	lw	a3,36(a1)
 9e4:	8fd5                	or	a5,a5,a3
 9e6:	5594                	lw	a3,40(a1)
 9e8:	8fd5                	or	a5,a5,a3
 9ea:	8fd9                	or	a5,a5,a4
 9ec:	c11c                	sw	a5,0(a0)
 9ee:	45dc                	lw	a5,12(a1)
 9f0:	c15c                	sw	a5,4(a0)
 9f2:	419c                	lw	a5,0(a1)
 9f4:	c51c                	sw	a5,8(a0)
 9f6:	41dc                	lw	a5,4(a1)
 9f8:	c55c                	sw	a5,12(a0)
 9fa:	8082                	ret

000009fc <DMA_Cmd>:
 9fc:	411c                	lw	a5,0(a0)
 9fe:	c589                	beqz	a1,a08 <DMA_Cmd+0xc>
 a00:	0017e793          	ori	a5,a5,1
 a04:	c11c                	sw	a5,0(a0)
 a06:	8082                	ret
 a08:	6741                	lui	a4,0x10
 a0a:	1779                	addi	a4,a4,-2
 a0c:	8ff9                	and	a5,a5,a4
 a0e:	bfdd                	j	a04 <DMA_Cmd+0x8>

00000a10 <DMA_ITConfig>:
 a10:	411c                	lw	a5,0(a0)
 a12:	c601                	beqz	a2,a1a <DMA_ITConfig+0xa>
 a14:	8ddd                	or	a1,a1,a5
 a16:	c10c                	sw	a1,0(a0)
 a18:	8082                	ret
 a1a:	fff5c593          	not	a1,a1
 a1e:	8dfd                	and	a1,a1,a5
 a20:	bfdd                	j	a16 <DMA_ITConfig+0x6>

00000a22 <DMA_GetFlagStatus>:
 a22:	400207b7          	lui	a5,0x40020
 a26:	439c                	lw	a5,0(a5)
 a28:	8d7d                	and	a0,a0,a5
 a2a:	00a03533          	snez	a0,a0
 a2e:	8082                	ret

00000a30 <DMA_GetITStatus>:
 a30:	f00ff2ef          	jal	t0,130 <__riscv_save_0>
 a34:	37fd                	jal	a22 <DMA_GetFlagStatus>
 a36:	f1eff06f          	j	154 <__riscv_restore_0>

00000a3a <DMA_ClearITPendingBit>:
 a3a:	400207b7          	lui	a5,0x40020
 a3e:	c3c8                	sw	a0,4(a5)
 a40:	8082                	ret

00000a42 <GPIO_Init>:
 a42:	459c                	lw	a5,8(a1)
 a44:	0107f713          	andi	a4,a5,16
 a48:	00f7f813          	andi	a6,a5,15
 a4c:	c701                	beqz	a4,a54 <GPIO_Init+0x12>
 a4e:	41d8                	lw	a4,4(a1)
 a50:	00e86833          	or	a6,a6,a4
 a54:	40022737          	lui	a4,0x40022
 a58:	5b14                	lw	a3,48(a4)
 a5a:	0f000737          	lui	a4,0xf000
 a5e:	8f75                	and	a4,a4,a3
 a60:	eb4d                	bnez	a4,b12 <GPIO_Init+0xd0>
 a62:	4685                	li	a3,1
 a64:	80d18b23          	sb	a3,-2026(gp) # 20000026 <MCU_Version>
 a68:	40011737          	lui	a4,0x40011
 a6c:	00e51563          	bne	a0,a4,a76 <GPIO_Init+0x34>
 a70:	219a                	lhu	a4,0(a1)
 a72:	8335                	srli	a4,a4,0xd
 a74:	a19a                	sh	a4,0(a1)
 a76:	218e                	lhu	a1,0(a1)
 a78:	0ff5f713          	andi	a4,a1,255
 a7c:	c339                	beqz	a4,ac2 <GPIO_Init+0x80>
 a7e:	4118                	lw	a4,0(a0)
 a80:	4681                	li	a3,0
 a82:	4e85                	li	t4,1
 a84:	4f3d                	li	t5,15
 a86:	02800f93          	li	t6,40
 a8a:	04800293          	li	t0,72
 a8e:	4e21                	li	t3,8
 a90:	00de9633          	sll	a2,t4,a3
 a94:	00c5f8b3          	and	a7,a1,a2
 a98:	03161163          	bne	a2,a7,aba <GPIO_Init+0x78>
 a9c:	00269893          	slli	a7,a3,0x2
 aa0:	011f1333          	sll	t1,t5,a7
 aa4:	fff34313          	not	t1,t1
 aa8:	00e37733          	and	a4,t1,a4
 aac:	011818b3          	sll	a7,a6,a7
 ab0:	00e8e733          	or	a4,a7,a4
 ab4:	07f79763          	bne	a5,t6,b22 <GPIO_Init+0xe0>
 ab8:	c950                	sw	a2,20(a0)
 aba:	0685                	addi	a3,a3,1
 abc:	fdc69ae3          	bne	a3,t3,a90 <GPIO_Init+0x4e>
 ac0:	c118                	sw	a4,0(a0)
 ac2:	0ff00713          	li	a4,255
 ac6:	04b77563          	bgeu	a4,a1,b10 <GPIO_Init+0xce>
 aca:	4154                	lw	a3,4(a0)
 acc:	4621                	li	a2,8
 ace:	4e85                	li	t4,1
 ad0:	4f3d                	li	t5,15
 ad2:	02800f93          	li	t6,40
 ad6:	04800293          	li	t0,72
 ada:	4e41                	li	t3,16
 adc:	00ce98b3          	sll	a7,t4,a2
 ae0:	0115f733          	and	a4,a1,a7
 ae4:	02e89263          	bne	a7,a4,b08 <GPIO_Init+0xc6>
 ae8:	00261713          	slli	a4,a2,0x2
 aec:	1701                	addi	a4,a4,-32
 aee:	00ef1333          	sll	t1,t5,a4
 af2:	fff34313          	not	t1,t1
 af6:	00d376b3          	and	a3,t1,a3
 afa:	00e81733          	sll	a4,a6,a4
 afe:	8ed9                	or	a3,a3,a4
 b00:	03f79563          	bne	a5,t6,b2a <GPIO_Init+0xe8>
 b04:	01152a23          	sw	a7,20(a0)
 b08:	0605                	addi	a2,a2,1
 b0a:	fdc619e3          	bne	a2,t3,adc <GPIO_Init+0x9a>
 b0e:	c154                	sw	a3,4(a0)
 b10:	8082                	ret
 b12:	40011737          	lui	a4,0x40011
 b16:	f6e510e3          	bne	a0,a4,a76 <GPIO_Init+0x34>
 b1a:	8161c703          	lbu	a4,-2026(gp) # 20000026 <MCU_Version>
 b1e:	df21                	beqz	a4,a76 <GPIO_Init+0x34>
 b20:	bf81                	j	a70 <GPIO_Init+0x2e>
 b22:	f8579ce3          	bne	a5,t0,aba <GPIO_Init+0x78>
 b26:	c910                	sw	a2,16(a0)
 b28:	bf49                	j	aba <GPIO_Init+0x78>
 b2a:	fc579fe3          	bne	a5,t0,b08 <GPIO_Init+0xc6>
 b2e:	01152823          	sw	a7,16(a0)
 b32:	bfd9                	j	b08 <GPIO_Init+0xc6>

00000b34 <GPIO_ReadOutputDataBit>:
 b34:	400117b7          	lui	a5,0x40011
 b38:	00f51663          	bne	a0,a5,b44 <GPIO_ReadOutputDataBit+0x10>
 b3c:	8161c783          	lbu	a5,-2026(gp) # 20000026 <MCU_Version>
 b40:	c391                	beqz	a5,b44 <GPIO_ReadOutputDataBit+0x10>
 b42:	81b5                	srli	a1,a1,0xd
 b44:	4548                	lw	a0,12(a0)
 b46:	8d6d                	and	a0,a0,a1
 b48:	00a03533          	snez	a0,a0
 b4c:	8082                	ret

00000b4e <GPIO_SetBits>:
 b4e:	400117b7          	lui	a5,0x40011
 b52:	00f51663          	bne	a0,a5,b5e <GPIO_SetBits+0x10>
 b56:	8161c783          	lbu	a5,-2026(gp) # 20000026 <MCU_Version>
 b5a:	c391                	beqz	a5,b5e <GPIO_SetBits+0x10>
 b5c:	81b5                	srli	a1,a1,0xd
 b5e:	c90c                	sw	a1,16(a0)
 b60:	8082                	ret

00000b62 <GPIO_ResetBits>:
 b62:	400117b7          	lui	a5,0x40011
 b66:	00f51663          	bne	a0,a5,b72 <GPIO_ResetBits+0x10>
 b6a:	8161c783          	lbu	a5,-2026(gp) # 20000026 <MCU_Version>
 b6e:	c391                	beqz	a5,b72 <GPIO_ResetBits+0x10>
 b70:	81b5                	srli	a1,a1,0xd
 b72:	c94c                	sw	a1,20(a0)
 b74:	8082                	ret

00000b76 <NVIC_PriorityGroupConfig>:
 b76:	80a1ac23          	sw	a0,-2024(gp) # 20000028 <NVIC_Priority_Group>
 b7a:	8082                	ret

00000b7c <NVIC_Init>:
 b7c:	8181a703          	lw	a4,-2024(gp) # 20000028 <NVIC_Priority_Group>
 b80:	4785                	li	a5,1
 b82:	2114                	lbu	a3,0(a0)
 b84:	02f71063          	bne	a4,a5,ba4 <NVIC_Init+0x28>
 b88:	311c                	lbu	a5,1(a0)
 b8a:	02e79c63          	bne	a5,a4,bc2 <NVIC_Init+0x46>
 b8e:	213c                	lbu	a5,2(a0)
 b90:	0796                	slli	a5,a5,0x5
 b92:	f807e793          	ori	a5,a5,-128
 b96:	e000e737          	lui	a4,0xe000e
 b9a:	0ff7f793          	andi	a5,a5,255
 b9e:	9736                	add	a4,a4,a3
 ba0:	40f70023          	sb	a5,1024(a4) # e000e400 <_eusrstack+0xc0009400>
 ba4:	4705                	li	a4,1
 ba6:	0056d793          	srli	a5,a3,0x5
 baa:	00d71733          	sll	a4,a4,a3
 bae:	4154                	lw	a3,4(a0)
 bb0:	ce89                	beqz	a3,bca <NVIC_Init+0x4e>
 bb2:	04078793          	addi	a5,a5,64 # 40011040 <_eusrstack+0x2000c040>
 bb6:	078a                	slli	a5,a5,0x2
 bb8:	e000e6b7          	lui	a3,0xe000e
 bbc:	97b6                	add	a5,a5,a3
 bbe:	c398                	sw	a4,0(a5)
 bc0:	8082                	ret
 bc2:	f3ed                	bnez	a5,ba4 <NVIC_Init+0x28>
 bc4:	213c                	lbu	a5,2(a0)
 bc6:	0796                	slli	a5,a5,0x5
 bc8:	b7f9                	j	b96 <NVIC_Init+0x1a>
 bca:	06078793          	addi	a5,a5,96
 bce:	b7e5                	j	bb6 <NVIC_Init+0x3a>

00000bd0 <RCC_ADCCLKConfig>:
 bd0:	400216b7          	lui	a3,0x40021
 bd4:	42dc                	lw	a5,4(a3)
 bd6:	7751                	lui	a4,0xffff4
 bd8:	177d                	addi	a4,a4,-1
 bda:	8ff9                	and	a5,a5,a4
 bdc:	8d5d                	or	a0,a0,a5
 bde:	c2c8                	sw	a0,4(a3)
 be0:	8082                	ret

00000be2 <RCC_AHBPeriphClockCmd>:
 be2:	c599                	beqz	a1,bf0 <RCC_AHBPeriphClockCmd+0xe>
 be4:	40021737          	lui	a4,0x40021
 be8:	4b5c                	lw	a5,20(a4)
 bea:	8d5d                	or	a0,a0,a5
 bec:	cb48                	sw	a0,20(a4)
 bee:	8082                	ret
 bf0:	400217b7          	lui	a5,0x40021
 bf4:	4bd8                	lw	a4,20(a5)
 bf6:	fff54513          	not	a0,a0
 bfa:	8d79                	and	a0,a0,a4
 bfc:	cbc8                	sw	a0,20(a5)
 bfe:	8082                	ret

00000c00 <RCC_APB2PeriphClockCmd>:
 c00:	c599                	beqz	a1,c0e <RCC_APB2PeriphClockCmd+0xe>
 c02:	40021737          	lui	a4,0x40021
 c06:	4f1c                	lw	a5,24(a4)
 c08:	8d5d                	or	a0,a0,a5
 c0a:	cf08                	sw	a0,24(a4)
 c0c:	8082                	ret
 c0e:	400217b7          	lui	a5,0x40021
 c12:	4f98                	lw	a4,24(a5)
 c14:	fff54513          	not	a0,a0
 c18:	8d79                	and	a0,a0,a4
 c1a:	cf88                	sw	a0,24(a5)
 c1c:	8082                	ret

00000c1e <RCC_APB1PeriphClockCmd>:
 c1e:	c599                	beqz	a1,c2c <RCC_APB1PeriphClockCmd+0xe>
 c20:	40021737          	lui	a4,0x40021
 c24:	4f5c                	lw	a5,28(a4)
 c26:	8d5d                	or	a0,a0,a5
 c28:	cf48                	sw	a0,28(a4)
 c2a:	8082                	ret
 c2c:	400217b7          	lui	a5,0x40021
 c30:	4fd8                	lw	a4,28(a5)
 c32:	fff54513          	not	a0,a0
 c36:	8d79                	and	a0,a0,a4
 c38:	cfc8                	sw	a0,28(a5)
 c3a:	8082                	ret

00000c3c <TIM_TimeBaseInit>:
 c3c:	211e                	lhu	a5,0(a0)
 c3e:	40013737          	lui	a4,0x40013
 c42:	c0070713          	addi	a4,a4,-1024 # 40012c00 <_eusrstack+0x2000dc00>
 c46:	07c2                	slli	a5,a5,0x10
 c48:	83c1                	srli	a5,a5,0x10
 c4a:	02e50463          	beq	a0,a4,c72 <TIM_TimeBaseInit+0x36>
 c4e:	40000737          	lui	a4,0x40000
 c52:	02e50063          	beq	a0,a4,c72 <TIM_TimeBaseInit+0x36>
 c56:	40070713          	addi	a4,a4,1024 # 40000400 <_eusrstack+0x1fffb400>
 c5a:	00e50c63          	beq	a0,a4,c72 <TIM_TimeBaseInit+0x36>
 c5e:	40001737          	lui	a4,0x40001
 c62:	80070693          	addi	a3,a4,-2048 # 40000800 <_eusrstack+0x1fffb800>
 c66:	00d50663          	beq	a0,a3,c72 <TIM_TimeBaseInit+0x36>
 c6a:	c0070713          	addi	a4,a4,-1024
 c6e:	00e51663          	bne	a0,a4,c7a <TIM_TimeBaseInit+0x3e>
 c72:	21ba                	lhu	a4,2(a1)
 c74:	f8f7f793          	andi	a5,a5,-113
 c78:	8fd9                	or	a5,a5,a4
 c7a:	21fa                	lhu	a4,6(a1)
 c7c:	cff7f793          	andi	a5,a5,-769
 c80:	07c2                	slli	a5,a5,0x10
 c82:	83c1                	srli	a5,a5,0x10
 c84:	8fd9                	or	a5,a5,a4
 c86:	a11e                	sh	a5,0(a0)
 c88:	21de                	lhu	a5,4(a1)
 c8a:	b55e                	sh	a5,44(a0)
 c8c:	219e                	lhu	a5,0(a1)
 c8e:	b51e                	sh	a5,40(a0)
 c90:	400137b7          	lui	a5,0x40013
 c94:	c0078793          	addi	a5,a5,-1024 # 40012c00 <_eusrstack+0x2000dc00>
 c98:	00f51463          	bne	a0,a5,ca0 <TIM_TimeBaseInit+0x64>
 c9c:	259c                	lbu	a5,8(a1)
 c9e:	b91e                	sh	a5,48(a0)
 ca0:	4785                	li	a5,1
 ca2:	a95e                	sh	a5,20(a0)
 ca4:	8082                	ret

00000ca6 <TIM_OC4Init>:
 ca6:	311a                	lhu	a4,32(a0)
 ca8:	77fd                	lui	a5,0xfffff
 caa:	17fd                	addi	a5,a5,-1
 cac:	8ff9                	and	a5,a5,a4
 cae:	b11e                	sh	a5,32(a0)
 cb0:	02055803          	lhu	a6,32(a0)
 cb4:	2156                	lhu	a3,4(a0)
 cb6:	2d5e                	lhu	a5,28(a0)
 cb8:	7765                	lui	a4,0xffff9
 cba:	2192                	lhu	a2,0(a1)
 cbc:	cff70713          	addi	a4,a4,-769 # ffff8cff <_eusrstack+0xdfff3cff>
 cc0:	8f7d                	and	a4,a4,a5
 cc2:	77f9                	lui	a5,0xffffe
 cc4:	0622                	slli	a2,a2,0x8
 cc6:	17fd                	addi	a5,a5,-1
 cc8:	8f51                	or	a4,a4,a2
 cca:	0107f7b3          	and	a5,a5,a6
 cce:	21b2                	lhu	a2,2(a1)
 cd0:	0085d803          	lhu	a6,8(a1)
 cd4:	06c2                	slli	a3,a3,0x10
 cd6:	0742                	slli	a4,a4,0x10
 cd8:	01066633          	or	a2,a2,a6
 cdc:	0632                	slli	a2,a2,0xc
 cde:	8fd1                	or	a5,a5,a2
 ce0:	40013637          	lui	a2,0x40013
 ce4:	07c2                	slli	a5,a5,0x10
 ce6:	c0060613          	addi	a2,a2,-1024 # 40012c00 <_eusrstack+0x2000dc00>
 cea:	82c1                	srli	a3,a3,0x10
 cec:	8341                	srli	a4,a4,0x10
 cee:	83c1                	srli	a5,a5,0x10
 cf0:	00c51a63          	bne	a0,a2,d04 <TIM_OC4Init+0x5e>
 cf4:	7671                	lui	a2,0xffffc
 cf6:	167d                	addi	a2,a2,-1
 cf8:	8ef1                	and	a3,a3,a2
 cfa:	25d2                	lhu	a2,12(a1)
 cfc:	061a                	slli	a2,a2,0x6
 cfe:	8ed1                	or	a3,a3,a2
 d00:	06c2                	slli	a3,a3,0x10
 d02:	82c1                	srli	a3,a3,0x10
 d04:	a156                	sh	a3,4(a0)
 d06:	ad5a                	sh	a4,28(a0)
 d08:	21fa                	lhu	a4,6(a1)
 d0a:	04e51023          	sh	a4,64(a0)
 d0e:	b11e                	sh	a5,32(a0)
 d10:	8082                	ret

00000d12 <TIM_Cmd>:
 d12:	211e                	lhu	a5,0(a0)
 d14:	c589                	beqz	a1,d1e <TIM_Cmd+0xc>
 d16:	0017e793          	ori	a5,a5,1
 d1a:	a11e                	sh	a5,0(a0)
 d1c:	8082                	ret
 d1e:	07c2                	slli	a5,a5,0x10
 d20:	83c1                	srli	a5,a5,0x10
 d22:	9bf9                	andi	a5,a5,-2
 d24:	07c2                	slli	a5,a5,0x10
 d26:	83c1                	srli	a5,a5,0x10
 d28:	bfcd                	j	d1a <TIM_Cmd+0x8>

00000d2a <TIM_ITConfig>:
 d2a:	255e                	lhu	a5,12(a0)
 d2c:	c601                	beqz	a2,d34 <TIM_ITConfig+0xa>
 d2e:	8ddd                	or	a1,a1,a5
 d30:	a54e                	sh	a1,12(a0)
 d32:	8082                	ret
 d34:	fff5c593          	not	a1,a1
 d38:	8dfd                	and	a1,a1,a5
 d3a:	bfdd                	j	d30 <TIM_ITConfig+0x6>

00000d3c <TIM_ARRPreloadConfig>:
 d3c:	211e                	lhu	a5,0(a0)
 d3e:	c589                	beqz	a1,d48 <TIM_ARRPreloadConfig+0xc>
 d40:	0807e793          	ori	a5,a5,128
 d44:	a11e                	sh	a5,0(a0)
 d46:	8082                	ret
 d48:	07c2                	slli	a5,a5,0x10
 d4a:	83c1                	srli	a5,a5,0x10
 d4c:	f7f7f793          	andi	a5,a5,-129
 d50:	07c2                	slli	a5,a5,0x10
 d52:	83c1                	srli	a5,a5,0x10
 d54:	bfc5                	j	d44 <TIM_ARRPreloadConfig+0x8>

00000d56 <TIM_OC4PreloadConfig>:
 d56:	2d5a                	lhu	a4,28(a0)
 d58:	77fd                	lui	a5,0xfffff
 d5a:	7ff78793          	addi	a5,a5,2047 # fffff7ff <_eusrstack+0xdfffa7ff>
 d5e:	8ff9                	and	a5,a5,a4
 d60:	05a2                	slli	a1,a1,0x8
 d62:	8fcd                	or	a5,a5,a1
 d64:	07c2                	slli	a5,a5,0x10
 d66:	83c1                	srli	a5,a5,0x10
 d68:	ad5e                	sh	a5,28(a0)
 d6a:	8082                	ret

00000d6c <TIM_SetCompare4>:
 d6c:	04b51023          	sh	a1,64(a0)
 d70:	8082                	ret

00000d72 <TIM_GetITStatus>:
 d72:	291e                	lhu	a5,16(a0)
 d74:	254a                	lhu	a0,12(a0)
 d76:	8fed                	and	a5,a5,a1
 d78:	0542                	slli	a0,a0,0x10
 d7a:	8141                	srli	a0,a0,0x10
 d7c:	c789                	beqz	a5,d86 <TIM_GetITStatus+0x14>
 d7e:	8d6d                	and	a0,a0,a1
 d80:	00a03533          	snez	a0,a0
 d84:	8082                	ret
 d86:	4501                	li	a0,0
 d88:	8082                	ret

00000d8a <TIM_ClearITPendingBit>:
 d8a:	fff5c593          	not	a1,a1
 d8e:	05c2                	slli	a1,a1,0x10
 d90:	81c1                	srli	a1,a1,0x10
 d92:	a90e                	sh	a1,16(a0)
 d94:	8082                	ret

00000d96 <Delay_Init>:
 d96:	200007b7          	lui	a5,0x20000
 d9a:	0107a783          	lw	a5,16(a5) # 20000010 <SystemCoreClock>
 d9e:	007a1737          	lui	a4,0x7a1
 da2:	20070713          	addi	a4,a4,512 # 7a1200 <_data_lma+0x7a0440>
 da6:	02e7d7b3          	divu	a5,a5,a4
 daa:	0ff7f793          	andi	a5,a5,255
 dae:	80f18f23          	sb	a5,-2018(gp) # 2000002e <p_us>
 db2:	3e800713          	li	a4,1000
 db6:	02e787b3          	mul	a5,a5,a4
 dba:	80f19e23          	sh	a5,-2020(gp) # 2000002c <p_ms>
 dbe:	8082                	ret
